<?xml version="1.0" encoding="UTF-8"?>
<!-- Generated by org.testng.reporters.JUnitReportReporter -->
<testsuite hostname="DESKTOP-MKR6RJ0" failures="0" tests="1" name="SampleTest" time="14.488" errors="0" timestamp="2021-10-28T06:35:55 EDT" skipped="0">
  <testcase classname="SampleTest" name="searchesTest" time="14.488"/>
  <system-out/>
</testsuite> <!-- SampleTest -->
